-------------------------------------------------------------------------------
Test set: aula_inatel.API_trabalho.APIRunner
-------------------------------------------------------------------------------
Tests run: 1, Failures: 0, Errors: 1, Skipped: 0, Time elapsed: 1.195 s <<< FAILURE! - in aula_inatel.API_trabalho.APIRunner
testSouthPark  Time elapsed: 1.193 s  <<< ERROR!
java.lang.RuntimeException: not found: aula_inatel/API_trabalho/API_trabalho.feature

